Connecting to database specified by database.yml


Started GET "/admin" for 127.0.0.1 at 2013-03-01 17:07:52 +0800
Processing by Admin::DashboardController#index as HTML
Completed 401 Unauthorized in 1ms


Started GET "/admin/login" for 127.0.0.1 at 2013-03-01 17:07:53 +0800
Processing by ActiveAdmin::Devise::SessionsController#new as HTML
Completed 500 Internal Server Error in 1ms

ActiveRecord::StatementInvalid (Could not find table 'admin_users'):
  activerecord (3.2.12) lib/active_record/connection_adapters/sqlite_adapter.rb:472:in `table_structure'
  activerecord (3.2.12) lib/active_record/connection_adapters/sqlite_adapter.rb:346:in `columns'
  activerecord (3.2.12) lib/active_record/connection_adapters/schema_cache.rb:12:in `block in initialize'
  activerecord (3.2.12) lib/active_record/model_schema.rb:228:in `yield'
  activerecord (3.2.12) lib/active_record/model_schema.rb:228:in `default'
  activerecord (3.2.12) lib/active_record/model_schema.rb:228:in `columns'
  activerecord (3.2.12) lib/active_record/model_schema.rb:243:in `column_defaults'
  activerecord (3.2.12) lib/active_record/base.rb:482:in `initialize'
  devise (2.2.3) app/controllers/devise_controller.rb:102:in `new'
  devise (2.2.3) app/controllers/devise_controller.rb:102:in `build_resource'
  devise (2.2.3) app/controllers/devise/sessions_controller.rb:8:in `new'
  actionpack (3.2.12) lib/action_controller/metal/implicit_render.rb:4:in `send_action'
  actionpack (3.2.12) lib/abstract_controller/base.rb:167:in `process_action'
  actionpack (3.2.12) lib/action_controller/metal/rendering.rb:10:in `process_action'
  actionpack (3.2.12) lib/abstract_controller/callbacks.rb:18:in `block in process_action'
  activesupport (3.2.12) lib/active_support/callbacks.rb:447:in `_run__780223463910824252__process_action__1996053888173737404__callbacks'
  activesupport (3.2.12) lib/active_support/callbacks.rb:405:in `__run_callback'
  activesupport (3.2.12) lib/active_support/callbacks.rb:385:in `_run_process_action_callbacks'
  activesupport (3.2.12) lib/active_support/callbacks.rb:81:in `run_callbacks'
  actionpack (3.2.12) lib/abstract_controller/callbacks.rb:17:in `process_action'
  actionpack (3.2.12) lib/action_controller/metal/rescue.rb:29:in `process_action'
  actionpack (3.2.12) lib/action_controller/metal/instrumentation.rb:30:in `block in process_action'
  activesupport (3.2.12) lib/active_support/notifications.rb:123:in `block in instrument'
  activesupport (3.2.12) lib/active_support/notifications/instrumenter.rb:20:in `instrument'
  activesupport (3.2.12) lib/active_support/notifications.rb:123:in `instrument'
  actionpack (3.2.12) lib/action_controller/metal/instrumentation.rb:29:in `process_action'
  actionpack (3.2.12) lib/action_controller/metal/params_wrapper.rb:207:in `process_action'
  activerecord (3.2.12) lib/active_record/railties/controller_runtime.rb:18:in `process_action'
  actionpack (3.2.12) lib/abstract_controller/base.rb:121:in `process'
  actionpack (3.2.12) lib/abstract_controller/rendering.rb:45:in `process'
  actionpack (3.2.12) lib/action_controller/metal.rb:203:in `dispatch'
  actionpack (3.2.12) lib/action_controller/metal/rack_delegation.rb:14:in `dispatch'
  actionpack (3.2.12) lib/action_controller/metal.rb:246:in `block in action'
  actionpack (3.2.12) lib/action_dispatch/routing/route_set.rb:73:in `call'
  actionpack (3.2.12) lib/action_dispatch/routing/route_set.rb:73:in `dispatch'
  actionpack (3.2.12) lib/action_dispatch/routing/route_set.rb:36:in `call'
  actionpack (3.2.12) lib/action_dispatch/routing/mapper.rb:42:in `call'
  journey (1.0.4) lib/journey/router.rb:68:in `block in call'
  journey (1.0.4) lib/journey/router.rb:56:in `each'
  journey (1.0.4) lib/journey/router.rb:56:in `call'
  actionpack (3.2.12) lib/action_dispatch/routing/route_set.rb:601:in `call'
  warden (1.2.1) lib/warden/manager.rb:35:in `block in call'
  warden (1.2.1) lib/warden/manager.rb:34:in `catch'
  warden (1.2.1) lib/warden/manager.rb:34:in `call'
  actionpack (3.2.12) lib/action_dispatch/middleware/best_standards_support.rb:17:in `call'
  rack (1.4.5) lib/rack/etag.rb:23:in `call'
  rack (1.4.5) lib/rack/conditionalget.rb:25:in `call'
  actionpack (3.2.12) lib/action_dispatch/middleware/head.rb:14:in `call'
  actionpack (3.2.12) lib/action_dispatch/middleware/params_parser.rb:21:in `call'
  actionpack (3.2.12) lib/action_dispatch/middleware/flash.rb:242:in `call'
  rack (1.4.5) lib/rack/session/abstract/id.rb:210:in `context'
  rack (1.4.5) lib/rack/session/abstract/id.rb:205:in `call'
  actionpack (3.2.12) lib/action_dispatch/middleware/cookies.rb:341:in `call'
  activerecord (3.2.12) lib/active_record/query_cache.rb:64:in `call'
  activerecord (3.2.12) lib/active_record/connection_adapters/abstract/connection_pool.rb:479:in `call'
  actionpack (3.2.12) lib/action_dispatch/middleware/callbacks.rb:28:in `block in call'
  activesupport (3.2.12) lib/active_support/callbacks.rb:405:in `_run__374811919484319365__call__2131900714597746478__callbacks'
  activesupport (3.2.12) lib/active_support/callbacks.rb:405:in `__run_callback'
  activesupport (3.2.12) lib/active_support/callbacks.rb:385:in `_run_call_callbacks'
  activesupport (3.2.12) lib/active_support/callbacks.rb:81:in `run_callbacks'
  actionpack (3.2.12) lib/action_dispatch/middleware/callbacks.rb:27:in `call'
  actionpack (3.2.12) lib/action_dispatch/middleware/reloader.rb:65:in `call'
  actionpack (3.2.12) lib/action_dispatch/middleware/remote_ip.rb:31:in `call'
  actionpack (3.2.12) lib/action_dispatch/middleware/debug_exceptions.rb:16:in `call'
  actionpack (3.2.12) lib/action_dispatch/middleware/show_exceptions.rb:56:in `call'
  railties (3.2.12) lib/rails/rack/logger.rb:32:in `call_app'
  railties (3.2.12) lib/rails/rack/logger.rb:16:in `block in call'
  activesupport (3.2.12) lib/active_support/tagged_logging.rb:22:in `tagged'
  railties (3.2.12) lib/rails/rack/logger.rb:16:in `call'
  actionpack (3.2.12) lib/action_dispatch/middleware/request_id.rb:22:in `call'
  rack (1.4.5) lib/rack/methodoverride.rb:21:in `call'
  rack (1.4.5) lib/rack/runtime.rb:17:in `call'
  activesupport (3.2.12) lib/active_support/cache/strategy/local_cache.rb:72:in `call'
  rack (1.4.5) lib/rack/lock.rb:15:in `call'
  actionpack (3.2.12) lib/action_dispatch/middleware/static.rb:62:in `call'
  railties (3.2.12) lib/rails/engine.rb:479:in `call'
  railties (3.2.12) lib/rails/application.rb:223:in `call'
  railties (3.2.12) lib/rails/railtie/configurable.rb:30:in `method_missing'
  /Users/ajmalafif/Library/Application Support/Pow/Versions/0.4.0/node_modules/nack/lib/nack/server.rb:147:in `handle'
  /Users/ajmalafif/Library/Application Support/Pow/Versions/0.4.0/node_modules/nack/lib/nack/server.rb:99:in `rescue in block (2 levels) in start'
  /Users/ajmalafif/Library/Application Support/Pow/Versions/0.4.0/node_modules/nack/lib/nack/server.rb:96:in `block (2 levels) in start'
  /Users/ajmalafif/Library/Application Support/Pow/Versions/0.4.0/node_modules/nack/lib/nack/server.rb:86:in `each'
  /Users/ajmalafif/Library/Application Support/Pow/Versions/0.4.0/node_modules/nack/lib/nack/server.rb:86:in `block in start'
  /Users/ajmalafif/Library/Application Support/Pow/Versions/0.4.0/node_modules/nack/lib/nack/server.rb:66:in `loop'
  /Users/ajmalafif/Library/Application Support/Pow/Versions/0.4.0/node_modules/nack/lib/nack/server.rb:66:in `start'
  /Users/ajmalafif/Library/Application Support/Pow/Versions/0.4.0/node_modules/nack/lib/nack/server.rb:13:in `run'
  /Users/ajmalafif/Library/Application Support/Pow/Versions/0.4.0/node_modules/nack/bin/nack_worker:4:in `<main>'


  Rendered /Users/ajmalafif/.rvm/gems/ruby-1.9.3-p125@chopshop/gems/actionpack-3.2.12/lib/action_dispatch/middleware/templates/rescues/_trace.erb (1.0ms)
  Rendered /Users/ajmalafif/.rvm/gems/ruby-1.9.3-p125@chopshop/gems/actionpack-3.2.12/lib/action_dispatch/middleware/templates/rescues/_request_and_response.erb (0.7ms)
  Rendered /Users/ajmalafif/.rvm/gems/ruby-1.9.3-p125@chopshop/gems/actionpack-3.2.12/lib/action_dispatch/middleware/templates/rescues/diagnostics.erb within rescues/layout (10.4ms)
Connecting to database specified by database.yml
  [1m[36m (0.1ms)[0m  [1mselect sqlite_version(*)[0m
  [1m[35m (2.1ms)[0m  CREATE TABLE "schema_migrations" ("version" varchar(255) NOT NULL) 
  [1m[36m (0.6ms)[0m  [1mCREATE UNIQUE INDEX "unique_schema_migrations" ON "schema_migrations" ("version")[0m
  [1m[35m (0.1ms)[0m  SELECT "schema_migrations"."version" FROM "schema_migrations" 
Migrating to CreateUsers (20130225132551)
  [1m[36m (0.0ms)[0m  [1mbegin transaction[0m
  [1m[35m (0.3ms)[0m  CREATE TABLE "users" ("id" INTEGER PRIMARY KEY AUTOINCREMENT NOT NULL, "name" varchar(255), "username" varchar(255), "password" varchar(255), "email" varchar(255), "created_at" datetime NOT NULL, "updated_at" datetime NOT NULL) 
  [1m[36m (0.1ms)[0m  [1mINSERT INTO "schema_migrations" ("version") VALUES ('20130225132551')[0m
  [1m[35m (0.5ms)[0m  commit transaction
Migrating to CreateProducts (20130225132807)
  [1m[36m (0.0ms)[0m  [1mbegin transaction[0m
  [1m[35m (0.3ms)[0m  CREATE TABLE "products" ("id" INTEGER PRIMARY KEY AUTOINCREMENT NOT NULL, "productName" varchar(255), "productDesc" varchar(255), "price" varchar(255), "tag" varchar(255), "category" varchar(255), "created_at" datetime NOT NULL, "updated_at" datetime NOT NULL) 
  [1m[36m (0.1ms)[0m  [1mINSERT INTO "schema_migrations" ("version") VALUES ('20130225132807')[0m
  [1m[35m (0.6ms)[0m  commit transaction
Migrating to CreateStores (20130225132912)
  [1m[36m (0.0ms)[0m  [1mbegin transaction[0m
  [1m[35m (0.3ms)[0m  CREATE TABLE "stores" ("id" INTEGER PRIMARY KEY AUTOINCREMENT NOT NULL, "name" varchar(255), "status" boolean, "created_at" datetime NOT NULL, "updated_at" datetime NOT NULL) 
  [1m[36m (0.1ms)[0m  [1mINSERT INTO "schema_migrations" ("version") VALUES ('20130225132912')[0m
  [1m[35m (0.4ms)[0m  commit transaction
Migrating to DeviseCreateAdminUsers (20130225144258)
  [1m[36m (0.0ms)[0m  [1mbegin transaction[0m
  [1m[35m (0.3ms)[0m  CREATE TABLE "admin_users" ("id" INTEGER PRIMARY KEY AUTOINCREMENT NOT NULL, "email" varchar(255) DEFAULT '' NOT NULL, "encrypted_password" varchar(255) DEFAULT '' NOT NULL, "reset_password_token" varchar(255), "reset_password_sent_at" datetime, "remember_created_at" datetime, "sign_in_count" integer DEFAULT 0, "current_sign_in_at" datetime, "last_sign_in_at" datetime, "current_sign_in_ip" varchar(255), "last_sign_in_ip" varchar(255), "created_at" datetime NOT NULL, "updated_at" datetime NOT NULL) 
  [1m[36m (0.3ms)[0m  [1mCREATE UNIQUE INDEX "index_admin_users_on_email" ON "admin_users" ("email")[0m
  [1m[35m (0.1ms)[0m  CREATE UNIQUE INDEX "index_admin_users_on_reset_password_token" ON "admin_users" ("reset_password_token")
  [1m[36mAdminUser Exists (0.1ms)[0m  [1mSELECT 1 AS one FROM "admin_users" WHERE "admin_users"."email" = 'admin@example.com' LIMIT 1[0m
Binary data inserted for `string` type on column `encrypted_password`
  [1m[35mSQL (1.1ms)[0m  INSERT INTO "admin_users" ("created_at", "current_sign_in_at", "current_sign_in_ip", "email", "encrypted_password", "last_sign_in_at", "last_sign_in_ip", "remember_created_at", "reset_password_sent_at", "reset_password_token", "sign_in_count", "updated_at") VALUES (?, ?, ?, ?, ?, ?, ?, ?, ?, ?, ?, ?)  [["created_at", Fri, 01 Mar 2013 09:08:00 UTC +00:00], ["current_sign_in_at", nil], ["current_sign_in_ip", nil], ["email", "admin@example.com"], ["encrypted_password", "$2a$10$UIJ57PAYUgqTLmDayAlr/.SvTkxmE2OcoLdfBYO9ncZmsjIvYa0f."], ["last_sign_in_at", nil], ["last_sign_in_ip", nil], ["remember_created_at", nil], ["reset_password_sent_at", nil], ["reset_password_token", nil], ["sign_in_count", 0], ["updated_at", Fri, 01 Mar 2013 09:08:00 UTC +00:00]]
  [1m[36m (0.1ms)[0m  [1mINSERT INTO "schema_migrations" ("version") VALUES ('20130225144258')[0m
  [1m[35m (2.7ms)[0m  commit transaction
Migrating to CreateAdminNotes (20130225144301)
  [1m[36m (0.1ms)[0m  [1mbegin transaction[0m
  [1m[35m (0.3ms)[0m  CREATE TABLE "admin_notes" ("id" INTEGER PRIMARY KEY AUTOINCREMENT NOT NULL, "resource_id" varchar(255) NOT NULL, "resource_type" varchar(255) NOT NULL, "admin_user_id" integer, "admin_user_type" varchar(255), "body" text, "created_at" datetime NOT NULL, "updated_at" datetime NOT NULL) 
  [1m[36m (0.1ms)[0m  [1mCREATE INDEX "index_admin_notes_on_resource_type_and_resource_id" ON "admin_notes" ("resource_type", "resource_id")[0m
  [1m[35m (0.1ms)[0m  CREATE INDEX "index_admin_notes_on_admin_user_type_and_admin_user_id" ON "admin_notes" ("admin_user_type", "admin_user_id")
  [1m[36m (0.1ms)[0m  [1mINSERT INTO "schema_migrations" ("version") VALUES ('20130225144301')[0m
  [1m[35m (0.8ms)[0m  commit transaction
Migrating to MoveAdminNotesToComments (20130225144302)
  [1m[36m (0.0ms)[0m  [1mbegin transaction[0m
  [1m[35m (0.2ms)[0m  DROP INDEX "index_admin_notes_on_admin_user_type_and_admin_user_id"
  [1m[36m (0.7ms)[0m  [1mALTER TABLE "admin_notes" RENAME TO "active_admin_comments"[0m
  [1m[35m (0.4ms)[0m  CREATE TEMPORARY TABLE "altered_active_admin_comments" ("id" INTEGER PRIMARY KEY AUTOINCREMENT NOT NULL, "resource_id" varchar(255) NOT NULL, "resource_type" varchar(255) NOT NULL, "admin_user_id" integer, "author_type" varchar(255), "body" text, "created_at" datetime NOT NULL, "updated_at" datetime NOT NULL) 
  [1m[36m (0.1ms)[0m  [1mCREATE INDEX "temp_index_admin_notes_on_resource_type_and_resource_id" ON "altered_active_admin_comments" ("resource_type", "resource_id")[0m
  [1m[35m (0.0ms)[0m  SELECT * FROM "active_admin_comments"
  [1m[36m (0.3ms)[0m  [1mDROP TABLE "active_admin_comments"[0m
  [1m[35m (0.1ms)[0m  CREATE TABLE "active_admin_comments" ("id" INTEGER PRIMARY KEY AUTOINCREMENT NOT NULL, "resource_id" varchar(255) NOT NULL, "resource_type" varchar(255) NOT NULL, "admin_user_id" integer, "author_type" varchar(255), "body" text, "created_at" datetime NOT NULL, "updated_at" datetime NOT NULL) 
  [1m[36m (0.1ms)[0m  [1mCREATE INDEX "index_admin_notes_on_resource_type_and_resource_id" ON "active_admin_comments" ("resource_type", "resource_id")[0m
  [1m[35m (0.0ms)[0m  SELECT * FROM "altered_active_admin_comments"
  [1m[36m (0.2ms)[0m  [1mDROP TABLE "altered_active_admin_comments"[0m
  [1m[35m (0.1ms)[0m  CREATE TEMPORARY TABLE "altered_active_admin_comments" ("id" INTEGER PRIMARY KEY AUTOINCREMENT NOT NULL, "resource_id" varchar(255) NOT NULL, "resource_type" varchar(255) NOT NULL, "author_id" integer, "author_type" varchar(255), "body" text, "created_at" datetime NOT NULL, "updated_at" datetime NOT NULL) 
  [1m[36m (0.1ms)[0m  [1mCREATE INDEX "temp_index_admin_notes_on_resource_type_and_resource_id" ON "altered_active_admin_comments" ("resource_type", "resource_id")[0m
  [1m[35m (0.0ms)[0m  SELECT * FROM "active_admin_comments"
  [1m[36m (0.2ms)[0m  [1mDROP TABLE "active_admin_comments"[0m
  [1m[35m (0.1ms)[0m  CREATE TABLE "active_admin_comments" ("id" INTEGER PRIMARY KEY AUTOINCREMENT NOT NULL, "resource_id" varchar(255) NOT NULL, "resource_type" varchar(255) NOT NULL, "author_id" integer, "author_type" varchar(255), "body" text, "created_at" datetime NOT NULL, "updated_at" datetime NOT NULL) 
  [1m[36m (0.1ms)[0m  [1mCREATE INDEX "index_admin_notes_on_resource_type_and_resource_id" ON "active_admin_comments" ("resource_type", "resource_id")[0m
  [1m[35m (0.0ms)[0m  SELECT * FROM "altered_active_admin_comments"
  [1m[36m (0.1ms)[0m  [1mDROP TABLE "altered_active_admin_comments"[0m
  [1m[35m (0.6ms)[0m  ALTER TABLE "active_admin_comments" ADD "namespace" varchar(255)
  [1m[36m (0.1ms)[0m  [1mCREATE INDEX "index_active_admin_comments_on_namespace" ON "active_admin_comments" ("namespace")[0m
  [1m[35m (0.1ms)[0m  CREATE INDEX "index_active_admin_comments_on_author_type_and_author_id" ON "active_admin_comments" ("author_type", "author_id")
  [1m[36m (0.1ms)[0m  [1mUPDATE active_admin_comments SET namespace='admin'[0m
  [1m[35m (0.1ms)[0m  INSERT INTO "schema_migrations" ("version") VALUES ('20130225144302')
  [1m[36m (1.2ms)[0m  [1mcommit transaction[0m
Migrating to AddStoreIdToProduct (20130225145143)
  [1m[35m (0.0ms)[0m  begin transaction
  [1m[36m (0.3ms)[0m  [1mALTER TABLE "products" ADD "store_id" integer[0m
  [1m[35m (0.1ms)[0m  INSERT INTO "schema_migrations" ("version") VALUES ('20130225145143')
  [1m[36m (0.7ms)[0m  [1mcommit transaction[0m
Migrating to AddUserIdToStore (20130225145227)
  [1m[35m (0.0ms)[0m  begin transaction
  [1m[36m (0.2ms)[0m  [1mALTER TABLE "stores" ADD "user_id" integer[0m
  [1m[35m (0.1ms)[0m  INSERT INTO "schema_migrations" ("version") VALUES ('20130225145227')
  [1m[36m (0.8ms)[0m  [1mcommit transaction[0m
  [1m[35m (0.1ms)[0m  SELECT "schema_migrations"."version" FROM "schema_migrations" 


Started GET "/admin/login" for 127.0.0.1 at 2013-03-01 17:08:02 +0800
Processing by ActiveAdmin::Devise::SessionsController#new as HTML
  Rendered /Users/ajmalafif/.rvm/gems/ruby-1.9.3-p125@chopshop/gems/activeadmin-0.5.1/app/views/active_admin/devise/shared/_links.erb (1.0ms)
  Rendered /Users/ajmalafif/.rvm/gems/ruby-1.9.3-p125@chopshop/gems/activeadmin-0.5.1/app/views/active_admin/devise/sessions/new.html.erb within layouts/active_admin_logged_out (96.7ms)
WARNING: box-shadow is deprecated and will be removed in the next major version release
         on line 7 of /Users/ajmalafif/.rvm/gems/ruby-1.9.3-p125@chopshop/gems/bourbon-3.1.1/app/assets/stylesheets/_bourbon-deprecated-upcoming.scss, in `box-shadow'
         from line 6 of /Users/ajmalafif/.rvm/gems/ruby-1.9.3-p125@chopshop/gems/activeadmin-0.5.1/app/assets/stylesheets/active_admin/mixins/_sections.css.scss, in `section-header'
         from line 16 of /Users/ajmalafif/.rvm/gems/ruby-1.9.3-p125@chopshop/gems/activeadmin-0.5.1/app/assets/stylesheets/active_admin/_forms.css.scss
         from line 11 of /Users/ajmalafif/.rvm/gems/ruby-1.9.3-p125@chopshop/gems/activeadmin-0.5.1/app/assets/stylesheets/active_admin/_base.css.scss
         from line 12 of /Users/ajmalafif/projects/github/others_repos/chopshop/app/assets/stylesheets/active_admin.css.scss

WARNING: box-shadow is deprecated and will be removed in the next major version release
         on line 7 of /Users/ajmalafif/.rvm/gems/ruby-1.9.3-p125@chopshop/gems/bourbon-3.1.1/app/assets/stylesheets/_bourbon-deprecated-upcoming.scss, in `box-shadow'
         from line 24 of /Users/ajmalafif/.rvm/gems/ruby-1.9.3-p125@chopshop/gems/activeadmin-0.5.1/app/assets/stylesheets/active_admin/mixins/_buttons.css.scss, in `default-button'
         from line 65 of /Users/ajmalafif/.rvm/gems/ruby-1.9.3-p125@chopshop/gems/activeadmin-0.5.1/app/assets/stylesheets/active_admin/mixins/_buttons.css.scss, in `dark-button'
         from line 181 of /Users/ajmalafif/.rvm/gems/ruby-1.9.3-p125@chopshop/gems/activeadmin-0.5.1/app/assets/stylesheets/active_admin/_forms.css.scss
         from line 11 of /Users/ajmalafif/.rvm/gems/ruby-1.9.3-p125@chopshop/gems/activeadmin-0.5.1/app/assets/stylesheets/active_admin/_base.css.scss
         from line 12 of /Users/ajmalafif/projects/github/others_repos/chopshop/app/assets/stylesheets/active_admin.css.scss

WARNING: box-shadow is deprecated and will be removed in the next major version release
         on line 7 of /Users/ajmalafif/.rvm/gems/ruby-1.9.3-p125@chopshop/gems/bourbon-3.1.1/app/assets/stylesheets/_bourbon-deprecated-upcoming.scss, in `box-shadow'
         from line 35 of /Users/ajmalafif/.rvm/gems/ruby-1.9.3-p125@chopshop/gems/activeadmin-0.5.1/app/assets/stylesheets/active_admin/mixins/_buttons.css.scss, in `default-button'
         from line 65 of /Users/ajmalafif/.rvm/gems/ruby-1.9.3-p125@chopshop/gems/activeadmin-0.5.1/app/assets/stylesheets/active_admin/mixins/_buttons.css.scss, in `dark-button'
         from line 181 of /Users/ajmalafif/.rvm/gems/ruby-1.9.3-p125@chopshop/gems/activeadmin-0.5.1/app/assets/stylesheets/active_admin/_forms.css.scss
         from line 11 of /Users/ajmalafif/.rvm/gems/ruby-1.9.3-p125@chopshop/gems/activeadmin-0.5.1/app/assets/stylesheets/active_admin/_base.css.scss
         from line 12 of /Users/ajmalafif/projects/github/others_repos/chopshop/app/assets/stylesheets/active_admin.css.scss

WARNING: box-shadow is deprecated and will be removed in the next major version release
         on line 7 of /Users/ajmalafif/.rvm/gems/ruby-1.9.3-p125@chopshop/gems/bourbon-3.1.1/app/assets/stylesheets/_bourbon-deprecated-upcoming.scss, in `box-shadow'
         from line 44 of /Users/ajmalafif/.rvm/gems/ruby-1.9.3-p125@chopshop/gems/activeadmin-0.5.1/app/assets/stylesheets/active_admin/mixins/_buttons.css.scss, in `light-button'
         from line 197 of /Users/ajmalafif/.rvm/gems/ruby-1.9.3-p125@chopshop/gems/activeadmin-0.5.1/app/assets/stylesheets/active_admin/_forms.css.scss
         from line 11 of /Users/ajmalafif/.rvm/gems/ruby-1.9.3-p125@chopshop/gems/activeadmin-0.5.1/app/assets/stylesheets/active_admin/_base.css.scss
         from line 12 of /Users/ajmalafif/projects/github/others_repos/chopshop/app/assets/stylesheets/active_admin.css.scss

WARNING: box-shadow is deprecated and will be removed in the next major version release
         on line 7 of /Users/ajmalafif/.rvm/gems/ruby-1.9.3-p125@chopshop/gems/bourbon-3.1.1/app/assets/stylesheets/_bourbon-deprecated-upcoming.scss, in `box-shadow'
         from line 56 of /Users/ajmalafif/.rvm/gems/ruby-1.9.3-p125@chopshop/gems/activeadmin-0.5.1/app/assets/stylesheets/active_admin/mixins/_buttons.css.scss, in `light-button'
         from line 197 of /Users/ajmalafif/.rvm/gems/ruby-1.9.3-p125@chopshop/gems/activeadmin-0.5.1/app/assets/stylesheets/active_admin/_forms.css.scss
         from line 11 of /Users/ajmalafif/.rvm/gems/ruby-1.9.3-p125@chopshop/gems/activeadmin-0.5.1/app/assets/stylesheets/active_admin/_base.css.scss
         from line 12 of /Users/ajmalafif/projects/github/others_repos/chopshop/app/assets/stylesheets/active_admin.css.scss

WARNING: box-shadow is deprecated and will be removed in the next major version release
         on line 7 of /Users/ajmalafif/.rvm/gems/ruby-1.9.3-p125@chopshop/gems/bourbon-3.1.1/app/assets/stylesheets/_bourbon-deprecated-upcoming.scss, in `box-shadow'
         from line 44 of /Users/ajmalafif/.rvm/gems/ruby-1.9.3-p125@chopshop/gems/activeadmin-0.5.1/app/assets/stylesheets/active_admin/mixins/_buttons.css.scss, in `light-button'
         from line 279 of /Users/ajmalafif/.rvm/gems/ruby-1.9.3-p125@chopshop/gems/activeadmin-0.5.1/app/assets/stylesheets/active_admin/_forms.css.scss
         from line 11 of /Users/ajmalafif/.rvm/gems/ruby-1.9.3-p125@chopshop/gems/activeadmin-0.5.1/app/assets/stylesheets/active_admin/_base.css.scss
         from line 12 of /Users/ajmalafif/projects/github/others_repos/chopshop/app/assets/stylesheets/active_admin.css.scss

WARNING: box-shadow is deprecated and will be removed in the next major version release
         on line 7 of /Users/ajmalafif/.rvm/gems/ruby-1.9.3-p125@chopshop/gems/bourbon-3.1.1/app/assets/stylesheets/_bourbon-deprecated-upcoming.scss, in `box-shadow'
         from line 56 of /Users/ajmalafif/.rvm/gems/ruby-1.9.3-p125@chopshop/gems/activeadmin-0.5.1/app/assets/stylesheets/active_admin/mixins/_buttons.css.scss, in `light-button'
         from line 279 of /Users/ajmalafif/.rvm/gems/ruby-1.9.3-p125@chopshop/gems/activeadmin-0.5.1/app/assets/stylesheets/active_admin/_forms.css.scss
         from line 11 of /Users/ajmalafif/.rvm/gems/ruby-1.9.3-p125@chopshop/gems/activeadmin-0.5.1/app/assets/stylesheets/active_admin/_base.css.scss
         from line 12 of /Users/ajmalafif/projects/github/others_repos/chopshop/app/assets/stylesheets/active_admin.css.scss

WARNING: box-shadow is deprecated and will be removed in the next major version release
         on line 7 of /Users/ajmalafif/.rvm/gems/ruby-1.9.3-p125@chopshop/gems/bourbon-3.1.1/app/assets/stylesheets/_bourbon-deprecated-upcoming.scss, in `box-shadow'
         from line 6 of /Users/ajmalafif/.rvm/gems/ruby-1.9.3-p125@chopshop/gems/activeadmin-0.5.1/app/assets/stylesheets/active_admin/components/_popovers.css.scss
         from line 15 of /Users/ajmalafif/.rvm/gems/ruby-1.9.3-p125@chopshop/gems/activeadmin-0.5.1/app/assets/stylesheets/active_admin/_base.css.scss
         from line 12 of /Users/ajmalafif/projects/github/others_repos/chopshop/app/assets/stylesheets/active_admin.css.scss

WARNING: box-shadow is deprecated and will be removed in the next major version release
         on line 7 of /Users/ajmalafif/.rvm/gems/ruby-1.9.3-p125@chopshop/gems/bourbon-3.1.1/app/assets/stylesheets/_bourbon-deprecated-upcoming.scss, in `box-shadow'
         from line 62 of /Users/ajmalafif/.rvm/gems/ruby-1.9.3-p125@chopshop/gems/activeadmin-0.5.1/app/assets/stylesheets/active_admin/components/_popovers.css.scss
         from line 15 of /Users/ajmalafif/.rvm/gems/ruby-1.9.3-p125@chopshop/gems/activeadmin-0.5.1/app/assets/stylesheets/active_admin/_base.css.scss
         from line 12 of /Users/ajmalafif/projects/github/others_repos/chopshop/app/assets/stylesheets/active_admin.css.scss

WARNING: box-shadow is deprecated and will be removed in the next major version release
         on line 7 of /Users/ajmalafif/.rvm/gems/ruby-1.9.3-p125@chopshop/gems/bourbon-3.1.1/app/assets/stylesheets/_bourbon-deprecated-upcoming.scss, in `box-shadow'
         from line 6 of /Users/ajmalafif/.rvm/gems/ruby-1.9.3-p125@chopshop/gems/activeadmin-0.5.1/app/assets/stylesheets/active_admin/mixins/_sections.css.scss, in `section-header'
         from line 18 of /Users/ajmalafif/.rvm/gems/ruby-1.9.3-p125@chopshop/gems/activeadmin-0.5.1/app/assets/stylesheets/active_admin/components/_tables.css.scss
         from line 16 of /Users/ajmalafif/.rvm/gems/ruby-1.9.3-p125@chopshop/gems/activeadmin-0.5.1/app/assets/stylesheets/active_admin/_base.css.scss
         from line 12 of /Users/ajmalafif/projects/github/others_repos/chopshop/app/assets/stylesheets/active_admin.css.scss

WARNING: box-shadow is deprecated and will be removed in the next major version release
         on line 7 of /Users/ajmalafif/.rvm/gems/ruby-1.9.3-p125@chopshop/gems/bourbon-3.1.1/app/assets/stylesheets/_bourbon-deprecated-upcoming.scss, in `box-shadow'
         from line 44 of /Users/ajmalafif/.rvm/gems/ruby-1.9.3-p125@chopshop/gems/activeadmin-0.5.1/app/assets/stylesheets/active_admin/mixins/_buttons.css.scss, in `light-button'
         from line 5 of /Users/ajmalafif/.rvm/gems/ruby-1.9.3-p125@chopshop/gems/activeadmin-0.5.1/app/assets/stylesheets/active_admin/components/_dropdown_menu.scss
         from line 20 of /Users/ajmalafif/.rvm/gems/ruby-1.9.3-p125@chopshop/gems/activeadmin-0.5.1/app/assets/stylesheets/active_admin/_base.css.scss
         from line 12 of /Users/ajmalafif/projects/github/others_repos/chopshop/app/assets/stylesheets/active_admin.css.scss

WARNING: box-shadow is deprecated and will be removed in the next major version release
         on line 7 of /Users/ajmalafif/.rvm/gems/ruby-1.9.3-p125@chopshop/gems/bourbon-3.1.1/app/assets/stylesheets/_bourbon-deprecated-upcoming.scss, in `box-shadow'
         from line 56 of /Users/ajmalafif/.rvm/gems/ruby-1.9.3-p125@chopshop/gems/activeadmin-0.5.1/app/assets/stylesheets/active_admin/mixins/_buttons.css.scss, in `light-button'
         from line 5 of /Users/ajmalafif/.rvm/gems/ruby-1.9.3-p125@chopshop/gems/activeadmin-0.5.1/app/assets/stylesheets/active_admin/components/_dropdown_menu.scss
         from line 20 of /Users/ajmalafif/.rvm/gems/ruby-1.9.3-p125@chopshop/gems/activeadmin-0.5.1/app/assets/stylesheets/active_admin/_base.css.scss
         from line 12 of /Users/ajmalafif/projects/github/others_repos/chopshop/app/assets/stylesheets/active_admin.css.scss

WARNING: box-shadow is deprecated and will be removed in the next major version release
         on line 7 of /Users/ajmalafif/.rvm/gems/ruby-1.9.3-p125@chopshop/gems/bourbon-3.1.1/app/assets/stylesheets/_bourbon-deprecated-upcoming.scss, in `box-shadow'
         from line 83 of /Users/ajmalafif/.rvm/gems/ruby-1.9.3-p125@chopshop/gems/activeadmin-0.5.1/app/assets/stylesheets/active_admin/components/_dropdown_menu.scss
         from line 20 of /Users/ajmalafif/.rvm/gems/ruby-1.9.3-p125@chopshop/gems/activeadmin-0.5.1/app/assets/stylesheets/active_admin/_base.css.scss
         from line 12 of /Users/ajmalafif/projects/github/others_repos/chopshop/app/assets/stylesheets/active_admin.css.scss

WARNING: box-shadow is deprecated and will be removed in the next major version release
         on line 7 of /Users/ajmalafif/.rvm/gems/ruby-1.9.3-p125@chopshop/gems/bourbon-3.1.1/app/assets/stylesheets/_bourbon-deprecated-upcoming.scss, in `box-shadow'
         from line 96 of /Users/ajmalafif/.rvm/gems/ruby-1.9.3-p125@chopshop/gems/activeadmin-0.5.1/app/assets/stylesheets/active_admin/components/_dropdown_menu.scss
         from line 20 of /Users/ajmalafif/.rvm/gems/ruby-1.9.3-p125@chopshop/gems/activeadmin-0.5.1/app/assets/stylesheets/active_admin/_base.css.scss
         from line 12 of /Users/ajmalafif/projects/github/others_repos/chopshop/app/assets/stylesheets/active_admin.css.scss

WARNING: box-shadow is deprecated and will be removed in the next major version release
         on line 7 of /Users/ajmalafif/.rvm/gems/ruby-1.9.3-p125@chopshop/gems/bourbon-3.1.1/app/assets/stylesheets/_bourbon-deprecated-upcoming.scss, in `box-shadow'
         from line 24 of /Users/ajmalafif/.rvm/gems/ruby-1.9.3-p125@chopshop/gems/activeadmin-0.5.1/app/assets/stylesheets/active_admin/mixins/_buttons.css.scss, in `default-button'
         from line 65 of /Users/ajmalafif/.rvm/gems/ruby-1.9.3-p125@chopshop/gems/activeadmin-0.5.1/app/assets/stylesheets/active_admin/mixins/_buttons.css.scss, in `dark-button'
         from line 11 of /Users/ajmalafif/.rvm/gems/ruby-1.9.3-p125@chopshop/gems/activeadmin-0.5.1/app/assets/stylesheets/active_admin/components/_buttons.scss
         from line 21 of /Users/ajmalafif/.rvm/gems/ruby-1.9.3-p125@chopshop/gems/activeadmin-0.5.1/app/assets/stylesheets/active_admin/_base.css.scss
         from line 12 of /Users/ajmalafif/projects/github/others_repos/chopshop/app/assets/stylesheets/active_admin.css.scss

WARNING: box-shadow is deprecated and will be removed in the next major version release
         on line 7 of /Users/ajmalafif/.rvm/gems/ruby-1.9.3-p125@chopshop/gems/bourbon-3.1.1/app/assets/stylesheets/_bourbon-deprecated-upcoming.scss, in `box-shadow'
         from line 35 of /Users/ajmalafif/.rvm/gems/ruby-1.9.3-p125@chopshop/gems/activeadmin-0.5.1/app/assets/stylesheets/active_admin/mixins/_buttons.css.scss, in `default-button'
         from line 65 of /Users/ajmalafif/.rvm/gems/ruby-1.9.3-p125@chopshop/gems/activeadmin-0.5.1/app/assets/stylesheets/active_admin/mixins/_buttons.css.scss, in `dark-button'
         from line 11 of /Users/ajmalafif/.rvm/gems/ruby-1.9.3-p125@chopshop/gems/activeadmin-0.5.1/app/assets/stylesheets/active_admin/components/_buttons.scss
         from line 21 of /Users/ajmalafif/.rvm/gems/ruby-1.9.3-p125@chopshop/gems/activeadmin-0.5.1/app/assets/stylesheets/active_admin/_base.css.scss
         from line 12 of /Users/ajmalafif/projects/github/others_repos/chopshop/app/assets/stylesheets/active_admin.css.scss

WARNING: box-shadow is deprecated and will be removed in the next major version release
         on line 7 of /Users/ajmalafif/.rvm/gems/ruby-1.9.3-p125@chopshop/gems/bourbon-3.1.1/app/assets/stylesheets/_bourbon-deprecated-upcoming.scss, in `box-shadow'
         from line 44 of /Users/ajmalafif/.rvm/gems/ruby-1.9.3-p125@chopshop/gems/activeadmin-0.5.1/app/assets/stylesheets/active_admin/mixins/_buttons.css.scss, in `light-button'
         from line 11 of /Users/ajmalafif/.rvm/gems/ruby-1.9.3-p125@chopshop/gems/activeadmin-0.5.1/app/assets/stylesheets/active_admin/components/_pagination.scss
         from line 24 of /Users/ajmalafif/.rvm/gems/ruby-1.9.3-p125@chopshop/gems/activeadmin-0.5.1/app/assets/stylesheets/active_admin/_base.css.scss
         from line 12 of /Users/ajmalafif/projects/github/others_repos/chopshop/app/assets/stylesheets/active_admin.css.scss

WARNING: box-shadow is deprecated and will be removed in the next major version release
         on line 7 of /Users/ajmalafif/.rvm/gems/ruby-1.9.3-p125@chopshop/gems/bourbon-3.1.1/app/assets/stylesheets/_bourbon-deprecated-upcoming.scss, in `box-shadow'
         from line 56 of /Users/ajmalafif/.rvm/gems/ruby-1.9.3-p125@chopshop/gems/activeadmin-0.5.1/app/assets/stylesheets/active_admin/mixins/_buttons.css.scss, in `light-button'
         from line 11 of /Users/ajmalafif/.rvm/gems/ruby-1.9.3-p125@chopshop/gems/activeadmin-0.5.1/app/assets/stylesheets/active_admin/components/_pagination.scss
         from line 24 of /Users/ajmalafif/.rvm/gems/ruby-1.9.3-p125@chopshop/gems/activeadmin-0.5.1/app/assets/stylesheets/active_admin/_base.css.scss
         from line 12 of /Users/ajmalafif/projects/github/others_repos/chopshop/app/assets/stylesheets/active_admin.css.scss

WARNING: box-shadow is deprecated and will be removed in the next major version release
         on line 7 of /Users/ajmalafif/.rvm/gems/ruby-1.9.3-p125@chopshop/gems/bourbon-3.1.1/app/assets/stylesheets/_bourbon-deprecated-upcoming.scss, in `box-shadow'
         from line 24 of /Users/ajmalafif/.rvm/gems/ruby-1.9.3-p125@chopshop/gems/activeadmin-0.5.1/app/assets/stylesheets/active_admin/mixins/_buttons.css.scss, in `default-button'
         from line 15 of /Users/ajmalafif/.rvm/gems/ruby-1.9.3-p125@chopshop/gems/activeadmin-0.5.1/app/assets/stylesheets/active_admin/components/_pagination.scss
         from line 24 of /Users/ajmalafif/.rvm/gems/ruby-1.9.3-p125@chopshop/gems/activeadmin-0.5.1/app/assets/stylesheets/active_admin/_base.css.scss
         from line 12 of /Users/ajmalafif/projects/github/others_repos/chopshop/app/assets/stylesheets/active_admin.css.scss

WARNING: box-shadow is deprecated and will be removed in the next major version release
         on line 7 of /Users/ajmalafif/.rvm/gems/ruby-1.9.3-p125@chopshop/gems/bourbon-3.1.1/app/assets/stylesheets/_bourbon-deprecated-upcoming.scss, in `box-shadow'
         from line 35 of /Users/ajmalafif/.rvm/gems/ruby-1.9.3-p125@chopshop/gems/activeadmin-0.5.1/app/assets/stylesheets/active_admin/mixins/_buttons.css.scss, in `default-button'
         from line 15 of /Users/ajmalafif/.rvm/gems/ruby-1.9.3-p125@chopshop/gems/activeadmin-0.5.1/app/assets/stylesheets/active_admin/components/_pagination.scss
         from line 24 of /Users/ajmalafif/.rvm/gems/ruby-1.9.3-p125@chopshop/gems/activeadmin-0.5.1/app/assets/stylesheets/active_admin/_base.css.scss
         from line 12 of /Users/ajmalafif/projects/github/others_repos/chopshop/app/assets/stylesheets/active_admin.css.scss

WARNING: box-shadow is deprecated and will be removed in the next major version release
         on line 7 of /Users/ajmalafif/.rvm/gems/ruby-1.9.3-p125@chopshop/gems/bourbon-3.1.1/app/assets/stylesheets/_bourbon-deprecated-upcoming.scss, in `box-shadow'
         from line 6 of /Users/ajmalafif/.rvm/gems/ruby-1.9.3-p125@chopshop/gems/activeadmin-0.5.1/app/assets/stylesheets/active_admin/mixins/_sections.css.scss, in `section-header'
         from line 28 of /Users/ajmalafif/.rvm/gems/ruby-1.9.3-p125@chopshop/gems/activeadmin-0.5.1/app/assets/stylesheets/active_admin/mixins/_sections.css.scss, in `section'
         from line 2 of /Users/ajmalafif/.rvm/gems/ruby-1.9.3-p125@chopshop/gems/activeadmin-0.5.1/app/assets/stylesheets/active_admin/components/_panels.scss
         from line 25 of /Users/ajmalafif/.rvm/gems/ruby-1.9.3-p125@chopshop/gems/activeadmin-0.5.1/app/assets/stylesheets/active_admin/_base.css.scss
         from line 12 of /Users/ajmalafif/projects/github/others_repos/chopshop/app/assets/stylesheets/active_admin.css.scss

WARNING: box-shadow is deprecated and will be removed in the next major version release
         on line 7 of /Users/ajmalafif/.rvm/gems/ruby-1.9.3-p125@chopshop/gems/bourbon-3.1.1/app/assets/stylesheets/_bourbon-deprecated-upcoming.scss, in `box-shadow'
         from line 6 of /Users/ajmalafif/.rvm/gems/ruby-1.9.3-p125@chopshop/gems/activeadmin-0.5.1/app/assets/stylesheets/active_admin/mixins/_sections.css.scss, in `section-header'
         from line 28 of /Users/ajmalafif/.rvm/gems/ruby-1.9.3-p125@chopshop/gems/activeadmin-0.5.1/app/assets/stylesheets/active_admin/mixins/_sections.css.scss, in `section'
         from line 6 of /Users/ajmalafif/.rvm/gems/ruby-1.9.3-p125@chopshop/gems/activeadmin-0.5.1/app/assets/stylesheets/active_admin/components/_panels.scss
         from line 25 of /Users/ajmalafif/.rvm/gems/ruby-1.9.3-p125@chopshop/gems/activeadmin-0.5.1/app/assets/stylesheets/active_admin/_base.css.scss
         from line 12 of /Users/ajmalafif/projects/github/others_repos/chopshop/app/assets/stylesheets/active_admin.css.scss

WARNING: box-shadow is deprecated and will be removed in the next major version release
         on line 7 of /Users/ajmalafif/.rvm/gems/ruby-1.9.3-p125@chopshop/gems/bourbon-3.1.1/app/assets/stylesheets/_bourbon-deprecated-upcoming.scss, in `box-shadow'
         from line 44 of /Users/ajmalafif/.rvm/gems/ruby-1.9.3-p125@chopshop/gems/activeadmin-0.5.1/app/assets/stylesheets/active_admin/mixins/_buttons.css.scss, in `light-button'
         from line 25 of /Users/ajmalafif/.rvm/gems/ruby-1.9.3-p125@chopshop/gems/activeadmin-0.5.1/app/assets/stylesheets/active_admin/components/_table_tools.css.scss
         from line 29 of /Users/ajmalafif/.rvm/gems/ruby-1.9.3-p125@chopshop/gems/activeadmin-0.5.1/app/assets/stylesheets/active_admin/_base.css.scss
         from line 12 of /Users/ajmalafif/projects/github/others_repos/chopshop/app/assets/stylesheets/active_admin.css.scss

WARNING: box-shadow is deprecated and will be removed in the next major version release
         on line 7 of /Users/ajmalafif/.rvm/gems/ruby-1.9.3-p125@chopshop/gems/bourbon-3.1.1/app/assets/stylesheets/_bourbon-deprecated-upcoming.scss, in `box-shadow'
         from line 56 of /Users/ajmalafif/.rvm/gems/ruby-1.9.3-p125@chopshop/gems/activeadmin-0.5.1/app/assets/stylesheets/active_admin/mixins/_buttons.css.scss, in `light-button'
         from line 25 of /Users/ajmalafif/.rvm/gems/ruby-1.9.3-p125@chopshop/gems/activeadmin-0.5.1/app/assets/stylesheets/active_admin/components/_table_tools.css.scss
         from line 29 of /Users/ajmalafif/.rvm/gems/ruby-1.9.3-p125@chopshop/gems/activeadmin-0.5.1/app/assets/stylesheets/active_admin/_base.css.scss
         from line 12 of /Users/ajmalafif/projects/github/others_repos/chopshop/app/assets/stylesheets/active_admin.css.scss

WARNING: box-shadow is deprecated and will be removed in the next major version release
         on line 7 of /Users/ajmalafif/.rvm/gems/ruby-1.9.3-p125@chopshop/gems/bourbon-3.1.1/app/assets/stylesheets/_bourbon-deprecated-upcoming.scss, in `box-shadow'
         from line 41 of /Users/ajmalafif/.rvm/gems/ruby-1.9.3-p125@chopshop/gems/activeadmin-0.5.1/app/assets/stylesheets/active_admin/components/_table_tools.css.scss
         from line 29 of /Users/ajmalafif/.rvm/gems/ruby-1.9.3-p125@chopshop/gems/activeadmin-0.5.1/app/assets/stylesheets/active_admin/_base.css.scss
         from line 12 of /Users/ajmalafif/projects/github/others_repos/chopshop/app/assets/stylesheets/active_admin.css.scss

WARNING: box-shadow is deprecated and will be removed in the next major version release
         on line 7 of /Users/ajmalafif/.rvm/gems/ruby-1.9.3-p125@chopshop/gems/bourbon-3.1.1/app/assets/stylesheets/_bourbon-deprecated-upcoming.scss, in `box-shadow'
         from line 84 of /Users/ajmalafif/.rvm/gems/ruby-1.9.3-p125@chopshop/gems/activeadmin-0.5.1/app/assets/stylesheets/active_admin/components/_table_tools.css.scss
         from line 29 of /Users/ajmalafif/.rvm/gems/ruby-1.9.3-p125@chopshop/gems/activeadmin-0.5.1/app/assets/stylesheets/active_admin/_base.css.scss
         from line 12 of /Users/ajmalafif/projects/github/others_repos/chopshop/app/assets/stylesheets/active_admin.css.scss

WARNING: box-shadow is deprecated and will be removed in the next major version release
         on line 7 of /Users/ajmalafif/.rvm/gems/ruby-1.9.3-p125@chopshop/gems/bourbon-3.1.1/app/assets/stylesheets/_bourbon-deprecated-upcoming.scss, in `box-shadow'
         from line 6 of /Users/ajmalafif/.rvm/gems/ruby-1.9.3-p125@chopshop/gems/activeadmin-0.5.1/app/assets/stylesheets/active_admin/mixins/_sections.css.scss, in `section-header'
         from line 28 of /Users/ajmalafif/.rvm/gems/ruby-1.9.3-p125@chopshop/gems/activeadmin-0.5.1/app/assets/stylesheets/active_admin/mixins/_sections.css.scss, in `section'
         from line 4 of /Users/ajmalafif/.rvm/gems/ruby-1.9.3-p125@chopshop/gems/activeadmin-0.5.1/app/assets/stylesheets/active_admin/pages/_dashboard.scss
         from line 30 of /Users/ajmalafif/.rvm/gems/ruby-1.9.3-p125@chopshop/gems/activeadmin-0.5.1/app/assets/stylesheets/active_admin/_base.css.scss
         from line 12 of /Users/ajmalafif/projects/github/others_repos/chopshop/app/assets/stylesheets/active_admin.css.scss

WARNING: box-shadow is deprecated and will be removed in the next major version release
         on line 7 of /Users/ajmalafif/.rvm/gems/ruby-1.9.3-p125@chopshop/gems/bourbon-3.1.1/app/assets/stylesheets/_bourbon-deprecated-upcoming.scss, in `box-shadow'
         from line 6 of /Users/ajmalafif/.rvm/gems/ruby-1.9.3-p125@chopshop/gems/activeadmin-0.5.1/app/assets/stylesheets/active_admin/mixins/_sections.css.scss, in `section-header'
         from line 15 of /Users/ajmalafif/.rvm/gems/ruby-1.9.3-p125@chopshop/gems/activeadmin-0.5.1/app/assets/stylesheets/active_admin/pages/_logged_out.scss
         from line 31 of /Users/ajmalafif/.rvm/gems/ruby-1.9.3-p125@chopshop/gems/activeadmin-0.5.1/app/assets/stylesheets/active_admin/_base.css.scss
         from line 12 of /Users/ajmalafif/projects/github/others_repos/chopshop/app/assets/stylesheets/active_admin.css.scss

WARNING: box-shadow is deprecated and will be removed in the next major version release
         on line 7 of /Users/ajmalafif/.rvm/gems/ruby-1.9.3-p125@chopshop/gems/bourbon-3.1.1/app/assets/stylesheets/_bourbon-deprecated-upcoming.scss, in `box-shadow'
         from line 18 of /Users/ajmalafif/.rvm/gems/ruby-1.9.3-p125@chopshop/gems/activeadmin-0.5.1/app/assets/stylesheets/active_admin/pages/_logged_out.scss
         from line 31 of /Users/ajmalafif/.rvm/gems/ruby-1.9.3-p125@chopshop/gems/activeadmin-0.5.1/app/assets/stylesheets/active_admin/_base.css.scss
         from line 12 of /Users/ajmalafif/projects/github/others_repos/chopshop/app/assets/stylesheets/active_admin.css.scss

WARNING: box-shadow is deprecated and will be removed in the next major version release
         on line 7 of /Users/ajmalafif/.rvm/gems/ruby-1.9.3-p125@chopshop/gems/bourbon-3.1.1/app/assets/stylesheets/_bourbon-deprecated-upcoming.scss, in `box-shadow'
         from line 6 of /Users/ajmalafif/.rvm/gems/ruby-1.9.3-p125@chopshop/gems/activeadmin-0.5.1/app/assets/stylesheets/active_admin/mixins/_sections.css.scss, in `section-header'
         from line 2 of /Users/ajmalafif/.rvm/gems/ruby-1.9.3-p125@chopshop/gems/activeadmin-0.5.1/app/assets/stylesheets/active_admin/structure/_title_bar.scss
         from line 34 of /Users/ajmalafif/.rvm/gems/ruby-1.9.3-p125@chopshop/gems/activeadmin-0.5.1/app/assets/stylesheets/active_admin/_base.css.scss
         from line 12 of /Users/ajmalafif/projects/github/others_repos/chopshop/app/assets/stylesheets/active_admin.css.scss

WARNING: box-shadow is deprecated and will be removed in the next major version release
         on line 7 of /Users/ajmalafif/.rvm/gems/ruby-1.9.3-p125@chopshop/gems/bourbon-3.1.1/app/assets/stylesheets/_bourbon-deprecated-upcoming.scss, in `box-shadow'
         from line 5 of /Users/ajmalafif/.rvm/gems/ruby-1.9.3-p125@chopshop/gems/activeadmin-0.5.1/app/assets/stylesheets/active_admin/structure/_title_bar.scss
         from line 34 of /Users/ajmalafif/.rvm/gems/ruby-1.9.3-p125@chopshop/gems/activeadmin-0.5.1/app/assets/stylesheets/active_admin/_base.css.scss
         from line 12 of /Users/ajmalafif/projects/github/others_repos/chopshop/app/assets/stylesheets/active_admin.css.scss

WARNING: box-shadow is deprecated and will be removed in the next major version release
         on line 7 of /Users/ajmalafif/.rvm/gems/ruby-1.9.3-p125@chopshop/gems/bourbon-3.1.1/app/assets/stylesheets/_bourbon-deprecated-upcoming.scss, in `box-shadow'
         from line 44 of /Users/ajmalafif/.rvm/gems/ruby-1.9.3-p125@chopshop/gems/activeadmin-0.5.1/app/assets/stylesheets/active_admin/mixins/_buttons.css.scss, in `light-button'
         from line 34 of /Users/ajmalafif/.rvm/gems/ruby-1.9.3-p125@chopshop/gems/activeadmin-0.5.1/app/assets/stylesheets/active_admin/structure/_title_bar.scss
         from line 34 of /Users/ajmalafif/.rvm/gems/ruby-1.9.3-p125@chopshop/gems/activeadmin-0.5.1/app/assets/stylesheets/active_admin/_base.css.scss
         from line 12 of /Users/ajmalafif/projects/github/others_repos/chopshop/app/assets/stylesheets/active_admin.css.scss

WARNING: box-shadow is deprecated and will be removed in the next major version release
         on line 7 of /Users/ajmalafif/.rvm/gems/ruby-1.9.3-p125@chopshop/gems/bourbon-3.1.1/app/assets/stylesheets/_bourbon-deprecated-upcoming.scss, in `box-shadow'
         from line 56 of /Users/ajmalafif/.rvm/gems/ruby-1.9.3-p125@chopshop/gems/activeadmin-0.5.1/app/assets/stylesheets/active_admin/mixins/_buttons.css.scss, in `light-button'
         from line 34 of /Users/ajmalafif/.rvm/gems/ruby-1.9.3-p125@chopshop/gems/activeadmin-0.5.1/app/assets/stylesheets/active_admin/structure/_title_bar.scss
         from line 34 of /Users/ajmalafif/.rvm/gems/ruby-1.9.3-p125@chopshop/gems/activeadmin-0.5.1/app/assets/stylesheets/active_admin/_base.css.scss
         from line 12 of /Users/ajmalafif/projects/github/others_repos/chopshop/app/assets/stylesheets/active_admin.css.scss

Compiled active_admin.css  (1573ms)  (pid 39455)
Compiled active_admin/print.css  (114ms)  (pid 39455)
Compiled jquery.js  (1ms)  (pid 39455)
Compiled jquery-ui.js  (6ms)  (pid 39455)
Compiled jquery_ujs.js  (0ms)  (pid 39455)
Compiled active_admin/lib/namespace.js  (181ms)  (pid 39455)
Compiled active_admin/components/jquery.aa.checkbox-toggler.js  (144ms)  (pid 39455)
Compiled active_admin/components/jquery.aa.dropdown-menu.js  (145ms)  (pid 39455)
Compiled active_admin/components/jquery.aa.popover.js  (172ms)  (pid 39455)
Compiled active_admin/components/jquery.aa.table-checkbox-toggler.js  (122ms)  (pid 39455)
Compiled active_admin/pages/application.js  (117ms)  (pid 39455)
Compiled active_admin/pages/batch_actions.js  (119ms)  (pid 39455)
Compiled active_admin/application.js  (1145ms)  (pid 39455)
Compiled active_admin/base.js  (1216ms)  (pid 39455)
Compiled active_admin.js  (1230ms)  (pid 39455)
Completed 200 OK in 3239ms (Views: 3224.5ms | ActiveRecord: 0.1ms)


Started GET "/assets/active_admin.css?body=1" for 127.0.0.1 at 2013-03-01 17:08:05 +0800
Served asset /active_admin.css - 200 OK (8ms)


Started GET "/assets/jquery_ujs.js?body=1" for 127.0.0.1 at 2013-03-01 17:08:05 +0800
Served asset /jquery_ujs.js - 200 OK (3ms)


Started GET "/assets/jquery-ui.js?body=1" for 127.0.0.1 at 2013-03-01 17:08:05 +0800
Served asset /jquery-ui.js - 200 OK (4ms)


Started GET "/assets/active_admin/components/jquery.aa.dropdown-menu.js?body=1" for 127.0.0.1 at 2013-03-01 17:08:05 +0800
Served asset /active_admin/components/jquery.aa.dropdown-menu.js - 200 OK (33ms)


Started GET "/assets/active_admin/components/jquery.aa.popover.js?body=1" for 127.0.0.1 at 2013-03-01 17:08:05 +0800
Served asset /active_admin/components/jquery.aa.popover.js - 200 OK (3ms)


Started GET "/assets/active_admin/pages/application.js?body=1" for 127.0.0.1 at 2013-03-01 17:08:05 +0800
Served asset /active_admin/pages/application.js - 200 OK (1ms)


Started GET "/assets/active_admin/pages/batch_actions.js?body=1" for 127.0.0.1 at 2013-03-01 17:08:05 +0800
Served asset /active_admin/pages/batch_actions.js - 200 OK (3ms)


Started GET "/assets/active_admin/application.js?body=1" for 127.0.0.1 at 2013-03-01 17:08:05 +0800
Served asset /active_admin/application.js - 200 OK (10ms)


Started GET "/assets/active_admin.js?body=1" for 127.0.0.1 at 2013-03-01 17:08:05 +0800
Served asset /active_admin.js - 200 OK (13ms)
Connecting to database specified by database.yml


Started GET "/assets/active_admin/lib/namespace.js?body=1" for 127.0.0.1 at 2013-03-01 17:08:07 +0800
Served asset /active_admin/lib/namespace.js - 200 OK (2ms)


Started GET "/assets/active_admin/components/jquery.aa.checkbox-toggler.js?body=1" for 127.0.0.1 at 2013-03-01 17:08:07 +0800
Served asset /active_admin/components/jquery.aa.checkbox-toggler.js - 200 OK (2ms)


Started GET "/assets/jquery.js?body=1" for 127.0.0.1 at 2013-03-01 17:08:08 +0800
Served asset /jquery.js - 200 OK (2ms)


Started GET "/assets/active_admin/components/jquery.aa.table-checkbox-toggler.js?body=1" for 127.0.0.1 at 2013-03-01 17:08:08 +0800
Served asset /active_admin/components/jquery.aa.table-checkbox-toggler.js - 200 OK (1ms)


Started GET "/assets/active_admin/base.js?body=1" for 127.0.0.1 at 2013-03-01 17:08:08 +0800
Served asset /active_admin/base.js - 200 OK (14ms)


Started GET "/assets/active_admin/print.css?body=1" for 127.0.0.1 at 2013-03-01 17:08:08 +0800
Served asset /active_admin/print.css - 200 OK (2ms)


Started GET "/assets/rails.png" for 127.0.0.1 at 2013-03-01 17:08:49 +0800
Served asset /rails.png - 200 OK (4ms)


Started GET "/signup" for 127.0.0.1 at 2013-03-01 17:08:53 +0800

ActionController::RoutingError (No route matches [GET] "/signup"):
  actionpack (3.2.12) lib/action_dispatch/middleware/debug_exceptions.rb:21:in `call'
  actionpack (3.2.12) lib/action_dispatch/middleware/show_exceptions.rb:56:in `call'
  railties (3.2.12) lib/rails/rack/logger.rb:32:in `call_app'
  railties (3.2.12) lib/rails/rack/logger.rb:16:in `block in call'
  activesupport (3.2.12) lib/active_support/tagged_logging.rb:22:in `tagged'
  railties (3.2.12) lib/rails/rack/logger.rb:16:in `call'
  actionpack (3.2.12) lib/action_dispatch/middleware/request_id.rb:22:in `call'
  rack (1.4.5) lib/rack/methodoverride.rb:21:in `call'
  rack (1.4.5) lib/rack/runtime.rb:17:in `call'
  activesupport (3.2.12) lib/active_support/cache/strategy/local_cache.rb:72:in `call'
  rack (1.4.5) lib/rack/lock.rb:15:in `call'
  actionpack (3.2.12) lib/action_dispatch/middleware/static.rb:62:in `call'
  railties (3.2.12) lib/rails/engine.rb:479:in `call'
  railties (3.2.12) lib/rails/application.rb:223:in `call'
  railties (3.2.12) lib/rails/railtie/configurable.rb:30:in `method_missing'
  /Users/ajmalafif/Library/Application Support/Pow/Versions/0.4.0/node_modules/nack/lib/nack/server.rb:147:in `handle'
  /Users/ajmalafif/Library/Application Support/Pow/Versions/0.4.0/node_modules/nack/lib/nack/server.rb:99:in `rescue in block (2 levels) in start'
  /Users/ajmalafif/Library/Application Support/Pow/Versions/0.4.0/node_modules/nack/lib/nack/server.rb:96:in `block (2 levels) in start'
  /Users/ajmalafif/Library/Application Support/Pow/Versions/0.4.0/node_modules/nack/lib/nack/server.rb:86:in `each'
  /Users/ajmalafif/Library/Application Support/Pow/Versions/0.4.0/node_modules/nack/lib/nack/server.rb:86:in `block in start'
  /Users/ajmalafif/Library/Application Support/Pow/Versions/0.4.0/node_modules/nack/lib/nack/server.rb:66:in `loop'
  /Users/ajmalafif/Library/Application Support/Pow/Versions/0.4.0/node_modules/nack/lib/nack/server.rb:66:in `start'
  /Users/ajmalafif/Library/Application Support/Pow/Versions/0.4.0/node_modules/nack/lib/nack/server.rb:13:in `run'
  /Users/ajmalafif/Library/Application Support/Pow/Versions/0.4.0/node_modules/nack/bin/nack_worker:4:in `<main>'


  Rendered /Users/ajmalafif/.rvm/gems/ruby-1.9.3-p125@chopshop/gems/actionpack-3.2.12/lib/action_dispatch/middleware/templates/rescues/routing_error.erb within rescues/layout (0.6ms)


Started POST "/admin/login" for 127.0.0.1 at 2013-03-01 17:09:30 +0800
Processing by ActiveAdmin::Devise::SessionsController#create as HTML
  Parameters: {"utf8"=>"✓", "authenticity_token"=>"SZM18N5GYlWA6Yjh4f8juKKsWv7PM5CRoLhCFTgZnwA=", "admin_user"=>{"email"=>"pembaris@gmail.com", "password"=>"[FILTERED]", "remember_me"=>"0"}, "commit"=>"Login"}
  [1m[36mAdminUser Load (0.2ms)[0m  [1mSELECT "admin_users".* FROM "admin_users" WHERE "admin_users"."email" = 'pembaris@gmail.com' LIMIT 1[0m
Completed 401 Unauthorized in 14ms
Processing by ActiveAdmin::Devise::SessionsController#new as HTML
  Parameters: {"utf8"=>"✓", "authenticity_token"=>"SZM18N5GYlWA6Yjh4f8juKKsWv7PM5CRoLhCFTgZnwA=", "admin_user"=>{"email"=>"pembaris@gmail.com", "password"=>"[FILTERED]", "remember_me"=>"0"}, "commit"=>"Login"}
  Rendered /Users/ajmalafif/.rvm/gems/ruby-1.9.3-p125@chopshop/gems/activeadmin-0.5.1/app/views/active_admin/devise/shared/_links.erb (0.4ms)
  Rendered /Users/ajmalafif/.rvm/gems/ruby-1.9.3-p125@chopshop/gems/activeadmin-0.5.1/app/views/active_admin/devise/sessions/new.html.erb within layouts/active_admin_logged_out (16.5ms)
Completed 200 OK in 106ms (Views: 29.0ms | ActiveRecord: 0.0ms)


Started GET "/assets/jquery.js?body=1" for 127.0.0.1 at 2013-03-01 17:09:30 +0800


Started GET "/assets/active_admin.css?body=1" for 127.0.0.1 at 2013-03-01 17:09:30 +0800
Served asset /jquery.js - 304 Not Modified (2ms)


Started GET "/assets/jquery-ui.js?body=1" for 127.0.0.1 at 2013-03-01 17:09:30 +0800
Served asset /jquery-ui.js - 304 Not Modified (0ms)
Served asset /active_admin.css - 304 Not Modified (11ms)


Started GET "/assets/jquery_ujs.js?body=1" for 127.0.0.1 at 2013-03-01 17:09:30 +0800


Started GET "/assets/active_admin/lib/namespace.js?body=1" for 127.0.0.1 at 2013-03-01 17:09:30 +0800
Served asset /jquery_ujs.js - 304 Not Modified (0ms)
Served asset /active_admin/lib/namespace.js - 304 Not Modified (0ms)


Started GET "/assets/active_admin/components/jquery.aa.checkbox-toggler.js?body=1" for 127.0.0.1 at 2013-03-01 17:09:30 +0800
Served asset /active_admin/components/jquery.aa.checkbox-toggler.js - 304 Not Modified (0ms)


Started GET "/assets/active_admin/components/jquery.aa.dropdown-menu.js?body=1" for 127.0.0.1 at 2013-03-01 17:09:30 +0800
Served asset /active_admin/components/jquery.aa.dropdown-menu.js - 304 Not Modified (0ms)


Started GET "/assets/active_admin/components/jquery.aa.popover.js?body=1" for 127.0.0.1 at 2013-03-01 17:09:30 +0800


Started GET "/assets/active_admin/components/jquery.aa.table-checkbox-toggler.js?body=1" for 127.0.0.1 at 2013-03-01 17:09:30 +0800
Served asset /active_admin/components/jquery.aa.table-checkbox-toggler.js - 304 Not Modified (0ms)
Served asset /active_admin/components/jquery.aa.popover.js - 304 Not Modified (0ms)


Started GET "/assets/active_admin/application.js?body=1" for 127.0.0.1 at 2013-03-01 17:09:30 +0800


Started GET "/assets/active_admin/pages/application.js?body=1" for 127.0.0.1 at 2013-03-01 17:09:30 +0800
Served asset /active_admin/pages/application.js - 304 Not Modified (0ms)


Started GET "/assets/active_admin/pages/batch_actions.js?body=1" for 127.0.0.1 at 2013-03-01 17:09:30 +0800
Served asset /active_admin/pages/batch_actions.js - 304 Not Modified (0ms)
Served asset /active_admin/application.js - 304 Not Modified (12ms)


Started GET "/assets/active_admin/base.js?body=1" for 127.0.0.1 at 2013-03-01 17:09:30 +0800


Started GET "/assets/active_admin.js?body=1" for 127.0.0.1 at 2013-03-01 17:09:30 +0800
Served asset /active_admin/base.js - 304 Not Modified (18ms)
Served asset /active_admin.js - 304 Not Modified (43ms)


Started GET "/assets/active_admin/print.css?body=1" for 127.0.0.1 at 2013-03-01 17:09:30 +0800
Served asset /active_admin/print.css - 304 Not Modified (0ms)


Started POST "/admin/login" for 127.0.0.1 at 2013-03-01 17:12:11 +0800
Processing by ActiveAdmin::Devise::SessionsController#create as HTML
  Parameters: {"utf8"=>"✓", "authenticity_token"=>"SZM18N5GYlWA6Yjh4f8juKKsWv7PM5CRoLhCFTgZnwA=", "admin_user"=>{"email"=>"admin@example.com", "password"=>"[FILTERED]", "remember_me"=>"1"}, "commit"=>"Login"}
  [1m[35mAdminUser Load (0.2ms)[0m  SELECT "admin_users".* FROM "admin_users" WHERE "admin_users"."email" = 'admin@example.com' LIMIT 1
  [1m[36m (0.1ms)[0m  [1mbegin transaction[0m
  [1m[35m (0.3ms)[0m  UPDATE "admin_users" SET "remember_created_at" = '2013-03-01 09:12:11.404413', "updated_at" = '2013-03-01 09:12:11.405973' WHERE "admin_users"."id" = 1
  [1m[36m (1.8ms)[0m  [1mcommit transaction[0m
  [1m[35m (0.1ms)[0m  begin transaction
  [1m[36m (0.3ms)[0m  [1mUPDATE "admin_users" SET "last_sign_in_at" = '2013-03-01 09:12:11.414273', "current_sign_in_at" = '2013-03-01 09:12:11.414273', "last_sign_in_ip" = '127.0.0.1', "current_sign_in_ip" = '127.0.0.1', "sign_in_count" = 1, "updated_at" = '2013-03-01 09:12:11.415035' WHERE "admin_users"."id" = 1[0m
  [1m[35m (0.6ms)[0m  commit transaction
Redirected to http://chopshop.dev/admin
Completed 302 Found in 126ms (ActiveRecord: 0.0ms)


Started GET "/admin" for 127.0.0.1 at 2013-03-01 17:12:11 +0800
Processing by Admin::DashboardController#index as HTML
  [1m[36mAdminUser Load (0.2ms)[0m  [1mSELECT "admin_users".* FROM "admin_users" WHERE "admin_users"."id" = 1 LIMIT 1[0m
  Rendered /Users/ajmalafif/.rvm/gems/ruby-1.9.3-p125@chopshop/gems/activeadmin-0.5.1/app/views/active_admin/page/index.html.arb (16.4ms)
Completed 200 OK in 33ms (Views: 18.7ms | ActiveRecord: 0.2ms)


Started GET "/assets/active_admin.js" for 127.0.0.1 at 2013-03-01 17:12:11 +0800


Started GET "/assets/active_admin.css?body=1" for 127.0.0.1 at 2013-03-01 17:12:11 +0800
Served asset /active_admin.js - 200 OK (0ms)
Served asset /active_admin.css - 304 Not Modified (3ms)


Started GET "/assets/active_admin/print.css?body=1" for 127.0.0.1 at 2013-03-01 17:12:11 +0800
Served asset /active_admin/print.css - 304 Not Modified (0ms)


Started GET "/admin/admin_users" for 127.0.0.1 at 2013-03-01 17:12:17 +0800
Processing by Admin::AdminUsersController#index as HTML
  [1m[35mAdminUser Load (0.2ms)[0m  SELECT "admin_users".* FROM "admin_users" WHERE "admin_users"."id" = 1 LIMIT 1
  [1m[36m (0.2ms)[0m  [1mSELECT COUNT(count_column) FROM (SELECT 1 AS count_column FROM "admin_users" LIMIT 30 OFFSET 0) subquery_for_count [0m
  [1m[35m (0.2ms)[0m  SELECT COUNT(*) FROM "admin_users" 
  [1m[36mCACHE (0.0ms)[0m  [1mSELECT COUNT(count_column) FROM (SELECT 1 AS count_column FROM "admin_users" LIMIT 30 OFFSET 0) subquery_for_count [0m
  [1m[35mAdminUser Load (0.2ms)[0m  SELECT "admin_users".* FROM "admin_users" ORDER BY "admin_users"."id" desc LIMIT 30 OFFSET 0
  Rendered /Users/ajmalafif/.rvm/gems/ruby-1.9.3-p125@chopshop/gems/activeadmin-0.5.1/app/views/active_admin/resource/index.html.arb (108.4ms)
Completed 200 OK in 121ms (Views: 111.8ms | ActiveRecord: 0.7ms)


Started GET "/assets/active_admin.css?body=1" for 127.0.0.1 at 2013-03-01 17:12:17 +0800
Served asset /active_admin.css - 304 Not Modified (2ms)


Started GET "/assets/active_admin/orderable.png" for 127.0.0.1 at 2013-03-01 17:12:18 +0800
Served asset /active_admin/orderable.png - 200 OK (7ms)


Started GET "/assets/active_admin/print.css?body=1" for 127.0.0.1 at 2013-03-01 17:12:18 +0800
Served asset /active_admin/print.css - 304 Not Modified (0ms)
